<?xml version="1.0" encoding="UTF-8"?>
<coverage generated="1679850533779" clover="3.2.0">
  <project timestamp="1679850533779" name="All files">
    <metrics statements="48" coveredstatements="48" conditionals="22" coveredconditionals="22" methods="11" coveredmethods="11" elements="81" coveredelements="81" complexity="0" loc="48" ncloc="48" packages="2" files="3" classes="3"/>
    <package name="tailpipe">
      <metrics statements="2" coveredstatements="2" conditionals="0" coveredconditionals="0" methods="0" coveredmethods="0"/>
      <file name="tailwind.config.js" path="/Users/mat/Projects/tailpipe/tailwind.config.js">
        <metrics statements="2" coveredstatements="2" conditionals="0" coveredconditionals="0" methods="0" coveredmethods="0"/>
        <line num="1" count="1" type="stmt"/>
        <line num="3" count="1" type="stmt"/>
      </file>
    </package>
    <package name="tailpipe.plugin">
      <metrics statements="46" coveredstatements="46" conditionals="22" coveredconditionals="22" methods="11" coveredmethods="11"/>
      <file name="json-to-php.js" path="/Users/mat/Projects/tailpipe/plugin/json-to-php.js">
        <metrics statements="24" coveredstatements="24" conditionals="20" coveredconditionals="20" methods="6" coveredmethods="6"/>
        <line num="3" count="1614" type="cond" truecount="2" falsecount="0"/>
        <line num="4" count="1528" type="stmt"/>
        <line num="5" count="86" type="cond" truecount="4" falsecount="0"/>
        <line num="6" count="7" type="stmt"/>
        <line num="7" count="79" type="cond" truecount="2" falsecount="0"/>
        <line num="8" count="2" type="stmt"/>
        <line num="9" count="77" type="cond" truecount="4" falsecount="0"/>
        <line num="10" count="76" type="stmt"/>
        <line num="12" count="1" type="stmt"/>
        <line num="17" count="8" type="stmt"/>
        <line num="18" count="3" type="stmt"/>
        <line num="22" count="83" type="stmt"/>
        <line num="24" count="803" type="stmt"/>
        <line num="25" count="803" type="stmt"/>
        <line num="26" count="803" type="stmt"/>
        <line num="29" count="83" type="stmt"/>
        <line num="32" count="9" type="cond" truecount="2" falsecount="0"/>
        <line num="33" count="5" type="stmt"/>
        <line num="36" count="9" type="cond" truecount="2" falsecount="0"/>
        <line num="37" count="1" type="stmt"/>
        <line num="38" count="8" type="cond" truecount="4" falsecount="0"/>
        <line num="39" count="7" type="stmt"/>
        <line num="41" count="1" type="stmt"/>
        <line num="45" count="2" type="stmt"/>
      </file>
      <file name="tailpipe.js" path="/Users/mat/Projects/tailpipe/plugin/tailpipe.js">
        <metrics statements="22" coveredstatements="22" conditionals="2" coveredconditionals="2" methods="5" coveredmethods="5"/>
        <line num="1" count="1" type="stmt"/>
        <line num="2" count="1" type="stmt"/>
        <line num="3" count="1" type="stmt"/>
        <line num="5" count="1" type="stmt"/>
        <line num="23" count="115" type="stmt"/>
        <line num="27" count="5" type="stmt"/>
        <line num="29" count="5" type="stmt"/>
        <line num="30" count="575" type="cond" truecount="2" falsecount="0"/>
        <line num="31" count="18" type="stmt"/>
        <line num="35" count="5" type="stmt"/>
        <line num="39" count="2" type="stmt"/>
        <line num="41" count="2" type="stmt"/>
        <line num="43" count="2" type="stmt"/>
        <line num="47" count="2" type="stmt"/>
        <line num="53" count="2" type="stmt"/>
        <line num="54" count="1" type="stmt"/>
        <line num="56" count="1" type="stmt"/>
        <line num="60" count="1" type="stmt"/>
        <line num="61" count="1" type="stmt"/>
        <line num="62" count="1" type="stmt"/>
        <line num="63" count="1" type="stmt"/>
        <line num="64" count="1" type="stmt"/>
      </file>
    </package>
  </project>
</coverage>
