{"/Users/mat/Projects/tailpipe/tailwind.config.js": {"path":"/Users/mat/Projects/tailpipe/tailwind.config.js","statementMap":{"0":{"start":{"line":1,"column":13},"end":{"line":1,"column":28}},"1":{"start":{"line":3,"column":0},"end":{"line":28,"column":1}}},"fnMap":{},"branchMap":{},"s":{"0":1,"1":1},"f":{},"b":{},"_coverageSchema":"1a1c01bbd47fc00a2c39e90264f33305004495a9","hash":"1f9d8915724a7f044ce219c243778b4ce684aca8"}
,"/Users/mat/Projects/tailpipe/plugin/json-to-php.js": {"path":"/Users/mat/Projects/tailpipe/plugin/json-to-php.js","statementMap":{"0":{"start":{"line":3,"column":2},"end":{"line":13,"column":3}},"1":{"start":{"line":4,"column":3},"end":{"line":4,"column":44}},"2":{"start":{"line":5,"column":9},"end":{"line":13,"column":3}},"3":{"start":{"line":6,"column":3},"end":{"line":6,"column":16}},"4":{"start":{"line":7,"column":9},"end":{"line":13,"column":3}},"5":{"start":{"line":8,"column":3},"end":{"line":8,"column":34}},"6":{"start":{"line":9,"column":9},"end":{"line":13,"column":3}},"7":{"start":{"line":10,"column":3},"end":{"line":10,"column":35}},"8":{"start":{"line":12,"column":3},"end":{"line":12,"column":17}},"9":{"start":{"line":17,"column":17},"end":{"line":17,"column":63}},"10":{"start":{"line":17,"column":34},"end":{"line":17,"column":51}},"11":{"start":{"line":18,"column":2},"end":{"line":18,"column":28}},"12":{"start":{"line":22,"column":24},"end":{"line":28,"column":14}},"13":{"start":{"line":24,"column":19},"end":{"line":24,"column":36}},"14":{"start":{"line":25,"column":21},"end":{"line":25,"column":40}},"15":{"start":{"line":26,"column":4},"end":{"line":26,"column":38}},"16":{"start":{"line":29,"column":2},"end":{"line":29,"column":35}},"17":{"start":{"line":32,"column":1},"end":{"line":34,"column":2}},"18":{"start":{"line":33,"column":2},"end":{"line":33,"column":26}},"19":{"start":{"line":36,"column":1},"end":{"line":42,"column":2}},"20":{"start":{"line":37,"column":2},"end":{"line":37,"column":32}},"21":{"start":{"line":38,"column":8},"end":{"line":42,"column":2}},"22":{"start":{"line":39,"column":2},"end":{"line":39,"column":33}},"23":{"start":{"line":41,"column":2},"end":{"line":41,"column":16}},"24":{"start":{"line":45,"column":0},"end":{"line":45,"column":32}}},"fnMap":{"0":{"name":"jsonToPhpArray","decl":{"start":{"line":1,"column":9},"end":{"line":1,"column":23}},"loc":{"start":{"line":1,"column":30},"end":{"line":43,"column":1}},"line":1},"1":{"name":"processValue","decl":{"start":{"line":2,"column":10},"end":{"line":2,"column":22}},"loc":{"start":{"line":2,"column":30},"end":{"line":14,"column":2}},"line":2},"2":{"name":"arrayToPhpString","decl":{"start":{"line":16,"column":10},"end":{"line":16,"column":26}},"loc":{"start":{"line":16,"column":32},"end":{"line":19,"column":2}},"line":16},"3":{"name":"(anonymous_3)","decl":{"start":{"line":17,"column":25},"end":{"line":17,"column":26}},"loc":{"start":{"line":17,"column":34},"end":{"line":17,"column":51}},"line":17},"4":{"name":"objectToPhpString","decl":{"start":{"line":21,"column":10},"end":{"line":21,"column":27}},"loc":{"start":{"line":21,"column":33},"end":{"line":30,"column":2}},"line":21},"5":{"name":"(anonymous_5)","decl":{"start":{"line":23,"column":8},"end":{"line":23,"column":9}},"loc":{"start":{"line":23,"column":26},"end":{"line":27,"column":4}},"line":23}},"branchMap":{"0":{"loc":{"start":{"line":3,"column":2},"end":{"line":13,"column":3}},"type":"if","locations":[{"start":{"line":3,"column":2},"end":{"line":13,"column":3}},{"start":{"line":5,"column":9},"end":{"line":13,"column":3}}],"line":3},"1":{"loc":{"start":{"line":5,"column":9},"end":{"line":13,"column":3}},"type":"if","locations":[{"start":{"line":5,"column":9},"end":{"line":13,"column":3}},{"start":{"line":7,"column":9},"end":{"line":13,"column":3}}],"line":5},"2":{"loc":{"start":{"line":5,"column":13},"end":{"line":5,"column":68}},"type":"binary-expr","locations":[{"start":{"line":5,"column":13},"end":{"line":5,"column":38}},{"start":{"line":5,"column":42},"end":{"line":5,"column":68}}],"line":5},"3":{"loc":{"start":{"line":7,"column":9},"end":{"line":13,"column":3}},"type":"if","locations":[{"start":{"line":7,"column":9},"end":{"line":13,"column":3}},{"start":{"line":9,"column":9},"end":{"line":13,"column":3}}],"line":7},"4":{"loc":{"start":{"line":9,"column":9},"end":{"line":13,"column":3}},"type":"if","locations":[{"start":{"line":9,"column":9},"end":{"line":13,"column":3}},{"start":{"line":11,"column":9},"end":{"line":13,"column":3}}],"line":9},"5":{"loc":{"start":{"line":9,"column":13},"end":{"line":9,"column":56}},"type":"binary-expr","locations":[{"start":{"line":9,"column":13},"end":{"line":9,"column":38}},{"start":{"line":9,"column":42},"end":{"line":9,"column":56}}],"line":9},"6":{"loc":{"start":{"line":32,"column":1},"end":{"line":34,"column":2}},"type":"if","locations":[{"start":{"line":32,"column":1},"end":{"line":34,"column":2}},{"start":{},"end":{}}],"line":32},"7":{"loc":{"start":{"line":36,"column":1},"end":{"line":42,"column":2}},"type":"if","locations":[{"start":{"line":36,"column":1},"end":{"line":42,"column":2}},{"start":{"line":38,"column":8},"end":{"line":42,"column":2}}],"line":36},"8":{"loc":{"start":{"line":38,"column":8},"end":{"line":42,"column":2}},"type":"if","locations":[{"start":{"line":38,"column":8},"end":{"line":42,"column":2}},{"start":{"line":40,"column":8},"end":{"line":42,"column":2}}],"line":38},"9":{"loc":{"start":{"line":38,"column":12},"end":{"line":38,"column":53}},"type":"binary-expr","locations":[{"start":{"line":38,"column":12},"end":{"line":38,"column":36}},{"start":{"line":38,"column":40},"end":{"line":38,"column":53}}],"line":38}},"s":{"0":1614,"1":1528,"2":86,"3":7,"4":79,"5":2,"6":77,"7":76,"8":1,"9":3,"10":8,"11":3,"12":83,"13":803,"14":803,"15":803,"16":83,"17":9,"18":5,"19":9,"20":1,"21":8,"22":7,"23":1,"24":2},"f":{"0":9,"1":1614,"2":3,"3":8,"4":83,"5":803},"b":{"0":[1528,86],"1":[7,79],"2":[86,79],"3":[2,77],"4":[76,1],"5":[77,77],"6":[5,4],"7":[1,8],"8":[7,1],"9":[8,8]},"_coverageSchema":"1a1c01bbd47fc00a2c39e90264f33305004495a9","hash":"746dec21636b443d5d81b2f01870286a5ead2bfe"}
,"/Users/mat/Projects/tailpipe/plugin/tailpipe.js": {"path":"/Users/mat/Projects/tailpipe/plugin/tailpipe.js","statementMap":{"0":{"start":{"line":1,"column":11},"end":{"line":1,"column":33}},"1":{"start":{"line":2,"column":15},"end":{"line":2,"column":44}},"2":{"start":{"line":3,"column":23},"end":{"line":3,"column":47}},"3":{"start":{"line":5,"column":25},"end":{"line":20,"column":1}},"4":{"start":{"line":23,"column":1},"end":{"line":23,"column":39}},"5":{"start":{"line":27,"column":18},"end":{"line":27,"column":20}},"6":{"start":{"line":29,"column":1},"end":{"line":33,"column":2}},"7":{"start":{"line":30,"column":2},"end":{"line":32,"column":3}},"8":{"start":{"line":31,"column":3},"end":{"line":31,"column":25}},"9":{"start":{"line":35,"column":1},"end":{"line":35,"column":17}},"10":{"start":{"line":39,"column":19},"end":{"line":39,"column":54}},"11":{"start":{"line":41,"column":18},"end":{"line":41,"column":65}},"12":{"start":{"line":43,"column":1},"end":{"line":43,"column":58}},"13":{"start":{"line":47,"column":1},"end":{"line":51,"column":3}},"14":{"start":{"line":53,"column":1},"end":{"line":57,"column":3}},"15":{"start":{"line":54,"column":16},"end":{"line":54,"column":31}},"16":{"start":{"line":56,"column":2},"end":{"line":56,"column":39}},"17":{"start":{"line":60,"column":0},"end":{"line":60,"column":46}},"18":{"start":{"line":61,"column":0},"end":{"line":61,"column":51}},"19":{"start":{"line":62,"column":0},"end":{"line":62,"column":47}},"20":{"start":{"line":63,"column":0},"end":{"line":63,"column":41}},"21":{"start":{"line":64,"column":0},"end":{"line":64,"column":45}}},"fnMap":{"0":{"name":"defaultFilter","decl":{"start":{"line":22,"column":9},"end":{"line":22,"column":22}},"loc":{"start":{"line":22,"column":35},"end":{"line":24,"column":1}},"line":22},"1":{"name":"filterTheme","decl":{"start":{"line":26,"column":9},"end":{"line":26,"column":20}},"loc":{"start":{"line":26,"column":37},"end":{"line":36,"column":1}},"line":26},"2":{"name":"writeThemeFile","decl":{"start":{"line":38,"column":15},"end":{"line":38,"column":29}},"loc":{"start":{"line":38,"column":46},"end":{"line":44,"column":1}},"line":38},"3":{"name":"tailpipe","decl":{"start":{"line":46,"column":9},"end":{"line":46,"column":17}},"loc":{"start":{"line":46,"column":27},"end":{"line":58,"column":1}},"line":46},"4":{"name":"tailpipePlugin","decl":{"start":{"line":53,"column":23},"end":{"line":53,"column":37}},"loc":{"start":{"line":53,"column":50},"end":{"line":57,"column":2}},"line":53}},"branchMap":{"0":{"loc":{"start":{"line":30,"column":2},"end":{"line":32,"column":3}},"type":"if","locations":[{"start":{"line":30,"column":2},"end":{"line":32,"column":3}},{"start":{},"end":{}}],"line":30}},"s":{"0":1,"1":1,"2":1,"3":1,"4":115,"5":5,"6":5,"7":575,"8":18,"9":5,"10":2,"11":2,"12":2,"13":2,"14":2,"15":1,"16":1,"17":1,"18":1,"19":1,"20":1,"21":1},"f":{"0":115,"1":5,"2":2,"3":2,"4":1},"b":{"0":[18,557]},"_coverageSchema":"1a1c01bbd47fc00a2c39e90264f33305004495a9","hash":"ed586ff9a0ddf48a2364abb5b3ac60fa4482c948"}
}
