TN:
SF:tailwind.config.js
FNF:0
FNH:0
DA:1,1
DA:3,1
LF:2
LH:2
BRF:0
BRH:0
end_of_record
TN:
SF:plugin/json-to-php.js
FN:1,jsonToPhpArray
FN:2,processValue
FN:16,arrayToPhpString
FN:17,(anonymous_3)
FN:21,objectToPhpString
FN:23,(anonymous_5)
FNF:6
FNH:6
FNDA:9,jsonToPhpArray
FNDA:1614,processValue
FNDA:3,arrayToPhpString
FNDA:8,(anonymous_3)
FNDA:83,objectToPhpString
FNDA:803,(anonymous_5)
DA:3,1614
DA:4,1528
DA:5,86
DA:6,7
DA:7,79
DA:8,2
DA:9,77
DA:10,76
DA:12,1
DA:17,8
DA:18,3
DA:22,83
DA:24,803
DA:25,803
DA:26,803
DA:29,83
DA:32,9
DA:33,5
DA:36,9
DA:37,1
DA:38,8
DA:39,7
DA:41,1
DA:45,2
LF:24
LH:24
BRDA:3,0,0,1528
BRDA:3,0,1,86
BRDA:5,1,0,7
BRDA:5,1,1,79
BRDA:5,2,0,86
BRDA:5,2,1,79
BRDA:7,3,0,2
BRDA:7,3,1,77
BRDA:9,4,0,76
BRDA:9,4,1,1
BRDA:9,5,0,77
BRDA:9,5,1,77
BRDA:32,6,0,5
BRDA:32,6,1,4
BRDA:36,7,0,1
BRDA:36,7,1,8
BRDA:38,8,0,7
BRDA:38,8,1,1
BRDA:38,9,0,8
BRDA:38,9,1,8
BRF:20
BRH:20
end_of_record
TN:
SF:plugin/tailpipe.js
FN:22,defaultFilter
FN:26,filterTheme
FN:38,writeThemeFile
FN:46,tailpipe
FN:53,tailpipePlugin
FNF:5
FNH:5
FNDA:115,defaultFilter
FNDA:5,filterTheme
FNDA:2,writeThemeFile
FNDA:2,tailpipe
FNDA:1,tailpipePlugin
DA:1,1
DA:2,1
DA:3,1
DA:5,1
DA:23,115
DA:27,5
DA:29,5
DA:30,575
DA:31,18
DA:35,5
DA:39,2
DA:41,2
DA:43,2
DA:47,2
DA:53,2
DA:54,1
DA:56,1
DA:60,1
DA:61,1
DA:62,1
DA:63,1
DA:64,1
LF:22
LH:22
BRDA:30,0,0,18
BRDA:30,0,1,557
BRF:2
BRH:2
end_of_record
